<?xml version="1.0" encoding="UTF-8"?>
<!-- Generated by org.testng.reporters.JUnitReportReporter -->
<testsuite hostname="DESKTOP-GDQMQ0N" failures="0" tests="1" name="com.Demo1.TC_02DropDownTest" time="14.272" errors="0" timestamp="07 Aug 2021 17:11:35 GMT" skipped="0">
  <testcase classname="com.Demo1.TC_02DropDownTest" name="dropDownTest" time="14.272"/>
</testsuite> <!-- com.Demo1.TC_02DropDownTest -->
