<?xml version="1.0" encoding="UTF-8"?>
<!-- Generated by org.testng.reporters.JUnitReportReporter -->
<testsuite hostname="DESKTOP-GDQMQ0N" failures="0" tests="1" name="com.Demo1.TC_01MyFirstTest" time="11.746" errors="0" timestamp="07 Aug 2021 16:48:08 GMT" skipped="0">
  <testcase classname="com.Demo1.TC_01MyFirstTest" name="loginTest" time="11.746"/>
</testsuite> <!-- com.Demo1.TC_01MyFirstTest -->
